d:\uni materials\2 course\algorithms and complexity\2 semester\ac-lab-2.2\johnson algorithm\johnsonalgorithm\x64\debug\vc143.pdb
d:\uni materials\2 course\algorithms and complexity\2 semester\ac-lab-2.2\johnson algorithm\johnsonalgorithm\x64\debug\vc143.idb
d:\uni materials\2 course\algorithms and complexity\2 semester\ac-lab-2.2\johnson algorithm\johnsonalgorithm\x64\debug\main.obj
d:\uni materials\2 course\algorithms and complexity\2 semester\ac-lab-2.2\johnson algorithm\johnsonalgorithm\x64\debug\graphs.obj
d:\uni materials\2 course\algorithms and complexity\2 semester\ac-lab-2.2\johnson algorithm\johnsonalgorithm\x64\debug\graphmt.obj
d:\uni materials\2 course\algorithms and complexity\2 semester\ac-lab-2.2\johnson algorithm\johnsonalgorithm\x64\debug\graph.obj
d:\uni materials\2 course\algorithms and complexity\2 semester\ac-lab-2.2\johnson algorithm\x64\debug\johnsonalgorithm.exe
d:\uni materials\2 course\algorithms and complexity\2 semester\ac-lab-2.2\johnson algorithm\x64\debug\johnsonalgorithm.pdb
d:\uni materials\2 course\algorithms and complexity\2 semester\ac-lab-2.2\johnson algorithm\johnsonalgorithm\x64\debug\johnsonalgorithm.ilk
d:\uni materials\2 course\algorithms and complexity\2 semester\ac-lab-2.2\johnsonalgorithm\johnsonalgorithm\x64\debug\graph.obj
d:\uni materials\2 course\algorithms and complexity\2 semester\ac-lab-2.2\johnsonalgorithm\johnsonalgorithm\x64\debug\graphmt.obj
d:\uni materials\2 course\algorithms and complexity\2 semester\ac-lab-2.2\johnsonalgorithm\johnsonalgorithm\x64\debug\graphs.obj
d:\uni materials\2 course\algorithms and complexity\2 semester\ac-lab-2.2\johnsonalgorithm\johnsonalgorithm\x64\debug\main.obj
d:\uni materials\2 course\algorithms and complexity\2 semester\ac-lab-2.2\johnsonalgorithm\johnsonalgorithm\x64\debug\johnsonalgorithm.ilk
d:\uni materials\2 course\algorithms and complexity\2 semester\ac-lab-2.2\johnsonalgorithm\johnsonalgorithm\x64\debug\vc143.idb
d:\uni materials\2 course\algorithms and complexity\2 semester\ac-lab-2.2\johnsonalgorithm\johnsonalgorithm\x64\debug\vc143.pdb
d:\uni materials\2 course\algorithms and complexity\2 semester\ac-lab-2.2\johnsonalgorithm\x64\debug\johnsonalgorithm.pdb
d:\uni materials\2 course\algorithms and complexity\2 semester\ac-lab-2.2\johnsonalgorithm\x64\debug\johnsonalgorithm.exe
d:\uni materials\2 course\algorithms and complexity\2 semester\ac-lab-2.2\johnsonalgorithm\johnsonalgorithm\x64\debug\johnsonalgorithm.tlog\cl.command.1.tlog
d:\uni materials\2 course\algorithms and complexity\2 semester\ac-lab-2.2\johnsonalgorithm\johnsonalgorithm\x64\debug\johnsonalgorithm.tlog\cl.items.tlog
d:\uni materials\2 course\algorithms and complexity\2 semester\ac-lab-2.2\johnsonalgorithm\johnsonalgorithm\x64\debug\johnsonalgorithm.tlog\cl.read.1.tlog
d:\uni materials\2 course\algorithms and complexity\2 semester\ac-lab-2.2\johnsonalgorithm\johnsonalgorithm\x64\debug\johnsonalgorithm.tlog\cl.write.1.tlog
d:\uni materials\2 course\algorithms and complexity\2 semester\ac-lab-2.2\johnsonalgorithm\johnsonalgorithm\x64\debug\johnsonalgorithm.tlog\link.command.1.tlog
d:\uni materials\2 course\algorithms and complexity\2 semester\ac-lab-2.2\johnsonalgorithm\johnsonalgorithm\x64\debug\johnsonalgorithm.tlog\link.read.1.tlog
d:\uni materials\2 course\algorithms and complexity\2 semester\ac-lab-2.2\johnsonalgorithm\johnsonalgorithm\x64\debug\johnsonalgorithm.tlog\link.secondary.1.tlog
d:\uni materials\2 course\algorithms and complexity\2 semester\ac-lab-2.2\johnsonalgorithm\johnsonalgorithm\x64\debug\johnsonalgorithm.tlog\link.write.1.tlog
